c:\users\drago\documents\github\personal_rts\flowfield\debug\rts_dll.pch
c:\users\drago\documents\github\personal_rts\flowfield\debug\vc141.pdb
c:\users\drago\documents\github\personal_rts\flowfield\debug\vc141.idb
c:\users\drago\documents\github\personal_rts\flowfield\debug\stdafx.obj
c:\users\drago\documents\github\personal_rts\flowfield\debug\sector.obj
c:\users\drago\documents\github\personal_rts\flowfield\debug\integrationfield.obj
c:\users\drago\documents\github\personal_rts\flowfield\debug\grid.obj
c:\users\drago\documents\github\personal_rts\flowfield\debug\goal.obj
c:\users\drago\documents\github\personal_rts\flowfield\debug\flowfield.obj
c:\users\drago\documents\github\personal_rts\flowfield\debug\dllmain.obj
c:\users\drago\documents\github\personal_rts\personal_rts\debug\rts_dll.ilk
c:\users\drago\documents\github\personal_rts\personal_rts\debug\rts_dll.dll
c:\users\drago\documents\github\personal_rts\personal_rts\debug\rts_dll.pdb
c:\users\drago\documents\github\personal_rts\personal_rts\debug\rts_dll.lib
c:\users\drago\documents\github\personal_rts\personal_rts\debug\rts_dll.exp
c:\users\drago\documents\github\personal_rts\personal_rts\\assets\plugins\rts_dll.pdb
c:\users\drago\documents\github\personal_rts\personal_rts\\assets\plugins\rts_dll.dll
c:\users\drago\documents\github\personal_rts\flowfield\debug\rts_dll.tlog\cl.command.1.tlog
c:\users\drago\documents\github\personal_rts\flowfield\debug\rts_dll.tlog\cl.read.1.tlog
c:\users\drago\documents\github\personal_rts\flowfield\debug\rts_dll.tlog\cl.write.1.tlog
c:\users\drago\documents\github\personal_rts\flowfield\debug\rts_dll.tlog\link.command.1.tlog
c:\users\drago\documents\github\personal_rts\flowfield\debug\rts_dll.tlog\link.read.1.tlog
c:\users\drago\documents\github\personal_rts\flowfield\debug\rts_dll.tlog\link.write.1.tlog
c:\users\drago\documents\github\personal_rts\flowfield\debug\rts_dll.tlog\rts_dll.write.1u.tlog
