c:\users\drago\documents\github\personal_rts\flowfield\release\rts_dll.pch
c:\users\drago\documents\github\personal_rts\flowfield\release\vc141.pdb
c:\users\drago\documents\github\personal_rts\flowfield\release\stdafx.obj
c:\users\drago\documents\github\personal_rts\flowfield\release\sector.obj
c:\users\drago\documents\github\personal_rts\flowfield\release\integrationfield.obj
c:\users\drago\documents\github\personal_rts\flowfield\release\grid.obj
c:\users\drago\documents\github\personal_rts\flowfield\release\goal.obj
c:\users\drago\documents\github\personal_rts\flowfield\release\flowfield.obj
c:\users\drago\documents\github\personal_rts\flowfield\release\dllmain.obj
c:\users\drago\documents\github\personal_rts\personal_rts\release\rts_dll.dll
c:\users\drago\documents\github\personal_rts\personal_rts\release\rts_dll.pdb
c:\users\drago\documents\github\personal_rts\personal_rts\release\rts_dll.ipdb
c:\users\drago\documents\github\personal_rts\personal_rts\release\rts_dll.iobj
c:\users\drago\documents\github\personal_rts\flowfield\release\rts_dll.tlog\cl.command.1.tlog
c:\users\drago\documents\github\personal_rts\flowfield\release\rts_dll.tlog\cl.read.1.tlog
c:\users\drago\documents\github\personal_rts\flowfield\release\rts_dll.tlog\cl.write.1.tlog
c:\users\drago\documents\github\personal_rts\flowfield\release\rts_dll.tlog\link.command.1.tlog
c:\users\drago\documents\github\personal_rts\flowfield\release\rts_dll.tlog\link.read.1.tlog
c:\users\drago\documents\github\personal_rts\flowfield\release\rts_dll.tlog\link.write.1.tlog
c:\users\drago\documents\github\personal_rts\flowfield\release\rts_dll.tlog\rts_dll.write.1u.tlog
